# JRE version: OpenJDK Runtime Environment (21.0.8) (build 21.0.8+-14196175-b1038.72)
# Java VM: OpenJDK 64-Bit Server VM (21.0.8+-14196175-b1038.72, mixed mode, tiered, compressed oops, compressed class ptrs, g1 gc, windows-amd64)
GC Precious Log:
 CardTable entry size: 512
 Card Set container configuration: InlinePtr #cards 5 size 8 Array Of Cards #cards 12 size 40 Howl #buckets 4 coarsen threshold 1843 Howl Bitmap #cards 512 size 80 coarsen threshold 460 Card regions per heap region 1 cards per card region 2048
 CPUs: 8 total, 8 available
 Memory: 5965M
 Large Page Support: Disabled
 NUMA Support: Disabled
 Compressed Oops: Enabled (32-bit)
 Heap Region Size: 1M
 Heap Min Capacity: 8M
 Heap Initial Capacity: 94M
 Heap Max Capacity: 2G
 Pre-touch: Disabled
 Parallel Workers: 8
 Concurrent Workers: 2
 Concurrent Refinement Workers: 8
 Periodic GC: Disabled
Heap:
 garbage-first heap   total 219136K, used 141989K [0x0000000080000000, 0x0000000100000000)
  region size 1024K, 7 young (7168K), 5 survivors (5120K)
 Metaspace       used 104391K, committed 106688K, reserved 1179648K
  class space    used 14747K, committed 15872K, reserved 1048576K
GC Heap History (20 events):
Event: 26.635 GC heap before
{Heap before GC invocations=22 (full 0):
 garbage-first heap   total 179200K, used 157701K [0x0000000080000000, 0x0000000100000000)
  region size 1024K, 65 young (66560K), 9 survivors (9216K)
 Metaspace       used 72842K, committed 74752K, reserved 1114112K
  class space    used 10363K, committed 11264K, reserved 1048576K
}
Event: 26.645 GC heap after
{Heap after GC invocations=23 (full 0):
 garbage-first heap   total 179200K, used 104373K [0x0000000080000000, 0x0000000100000000)
  region size 1024K, 4 young (4096K), 4 survivors (4096K)
 Metaspace       used 72842K, committed 74752K, reserved 1114112K
  class space    used 10363K, committed 11264K, reserved 1048576K
}
Event: 26.821 GC heap before
{Heap before GC invocations=23 (full 0):
 garbage-first heap   total 179200K, used 111541K [0x0000000080000000, 0x0000000100000000)
  region size 1024K, 12 young (12288K), 4 survivors (4096K)
 Metaspace       used 73061K, committed 75008K, reserved 1114112K
  class space    used 10399K, committed 11328K, reserved 1048576K
}
Event: 26.826 GC heap after
{Heap after GC invocations=24 (full 0):
 garbage-first heap   total 179200K, used 104718K [0x0000000080000000, 0x0000000100000000)
  region size 1024K, 4 young (4096K), 4 survivors (4096K)
 Metaspace       used 73061K, committed 75008K, reserved 1114112K
  class space    used 10399K, committed 11328K, reserved 1048576K
}
Event: 28.652 GC heap before
{Heap before GC invocations=25 (full 0):
 garbage-first heap   total 179200K, used 173326K [0x0000000080000000, 0x0000000100000000)
  region size 1024K, 61 young (62464K), 4 survivors (4096K)
 Metaspace       used 75975K, committed 77952K, reserved 1179648K
  class space    used 10771K, committed 11712K, reserved 1048576K
}
Event: 28.660 GC heap after
{Heap after GC invocations=26 (full 0):
 garbage-first heap   total 186368K, used 121947K [0x0000000080000000, 0x0000000100000000)
  region size 1024K, 8 young (8192K), 8 survivors (8192K)
 Metaspace       used 75975K, committed 77952K, reserved 1179648K
  class space    used 10771K, committed 11712K, reserved 1048576K
}
Event: 29.987 GC heap before
{Heap before GC invocations=26 (full 0):
 garbage-first heap   total 186368K, used 167003K [0x0000000080000000, 0x0000000100000000)
  region size 1024K, 52 young (53248K), 8 survivors (8192K)
 Metaspace       used 80964K, committed 82944K, reserved 1179648K
  class space    used 11264K, committed 12224K, reserved 1048576K
}
Event: 29.994 GC heap after
{Heap after GC invocations=27 (full 0):
 garbage-first heap   total 186368K, used 123715K [0x0000000080000000, 0x0000000100000000)
  region size 1024K, 2 young (2048K), 2 survivors (2048K)
 Metaspace       used 80964K, committed 82944K, reserved 1179648K
  class space    used 11264K, committed 12224K, reserved 1048576K
}
Event: 30.995 GC heap before
{Heap before GC invocations=27 (full 0):
 garbage-first heap   total 186368K, used 146243K [0x0000000080000000, 0x0000000100000000)
  region size 1024K, 25 young (25600K), 2 survivors (2048K)
 Metaspace       used 84137K, committed 86208K, reserved 1179648K
  class space    used 11746K, committed 12736K, reserved 1048576K
}
Event: 31.001 GC heap after
{Heap after GC invocations=28 (full 0):
 garbage-first heap   total 186368K, used 125838K [0x0000000080000000, 0x0000000100000000)
  region size 1024K, 4 young (4096K), 4 survivors (4096K)
 Metaspace       used 84137K, committed 86208K, reserved 1179648K
  class space    used 11746K, committed 12736K, reserved 1048576K
}
Event: 32.042 GC heap before
{Heap before GC invocations=29 (full 0):
 garbage-first heap   total 219136K, used 173966K [0x0000000080000000, 0x0000000100000000)
  region size 1024K, 46 young (47104K), 4 survivors (4096K)
 Metaspace       used 86374K, committed 88512K, reserved 1179648K
  class space    used 12078K, committed 13120K, reserved 1048576K
}
Event: 32.046 GC heap after
{Heap after GC invocations=30 (full 0):
 garbage-first heap   total 219136K, used 130567K [0x0000000080000000, 0x0000000100000000)
  region size 1024K, 6 young (6144K), 6 survivors (6144K)
 Metaspace       used 86374K, committed 88512K, reserved 1179648K
  class space    used 12078K, committed 13120K, reserved 1048576K
}
Event: 33.773 GC heap before
{Heap before GC invocations=30 (full 0):
 garbage-first heap   total 219136K, used 190983K [0x0000000080000000, 0x0000000100000000)
  region size 1024K, 65 young (66560K), 6 survivors (6144K)
 Metaspace       used 91243K, committed 93376K, reserved 1179648K
  class space    used 12718K, committed 13760K, reserved 1048576K
}
Event: 33.781 GC heap after
{Heap after GC invocations=31 (full 0):
 garbage-first heap   total 219136K, used 133027K [0x0000000080000000, 0x0000000100000000)
  region size 1024K, 8 young (8192K), 8 survivors (8192K)
 Metaspace       used 91243K, committed 93376K, reserved 1179648K
  class space    used 12718K, committed 13760K, reserved 1048576K
}
Event: 35.684 GC heap before
{Heap before GC invocations=31 (full 0):
 garbage-first heap   total 219136K, used 194467K [0x0000000080000000, 0x0000000100000000)
  region size 1024K, 68 young (69632K), 8 survivors (8192K)
 Metaspace       used 94785K, committed 96896K, reserved 1179648K
  class space    used 13254K, committed 14272K, reserved 1048576K
}
Event: 35.693 GC heap after
{Heap after GC invocations=32 (full 0):
 garbage-first heap   total 219136K, used 136192K [0x0000000080000000, 0x0000000100000000)
  region size 1024K, 6 young (6144K), 6 survivors (6144K)
 Metaspace       used 94785K, committed 96896K, reserved 1179648K
  class space    used 13254K, committed 14272K, reserved 1048576K
}
Event: 38.438 GC heap before
{Heap before GC invocations=32 (full 0):
 garbage-first heap   total 219136K, used 197632K [0x0000000080000000, 0x0000000100000000)
  region size 1024K, 66 young (67584K), 6 survivors (6144K)
 Metaspace       used 99731K, committed 101888K, reserved 1179648K
  class space    used 13992K, committed 15040K, reserved 1048576K
}
Event: 38.445 GC heap after
{Heap after GC invocations=33 (full 0):
 garbage-first heap   total 219136K, used 138636K [0x0000000080000000, 0x0000000100000000)
  region size 1024K, 6 young (6144K), 6 survivors (6144K)
 Metaspace       used 99731K, committed 101888K, reserved 1179648K
  class space    used 13992K, committed 15040K, reserved 1048576K
}
Event: 40.159 GC heap before
{Heap before GC invocations=33 (full 0):
 garbage-first heap   total 219136K, used 200076K [0x0000000080000000, 0x0000000100000000)
  region size 1024K, 66 young (67584K), 6 survivors (6144K)
 Metaspace       used 104269K, committed 106496K, reserved 1179648K
  class space    used 14733K, committed 15808K, reserved 1048576K
}
Event: 40.168 GC heap after
{Heap after GC invocations=34 (full 0):
 garbage-first heap   total 219136K, used 140965K [0x0000000080000000, 0x0000000100000000)
  region size 1024K, 5 young (5120K), 5 survivors (5120K)
 Metaspace       used 104269K, committed 106496K, reserved 1179648K
  class space    used 14733K, committed 15808K, reserved 1048576K
}

