# JRE version: OpenJDK Runtime Environment (21.0.8) (build 21.0.8+-14196175-b1038.72)
# Java VM: OpenJDK 64-Bit Server VM (21.0.8+-14196175-b1038.72, mixed mode, tiered, compressed oops, compressed class ptrs, g1 gc, windows-amd64)
GC Precious Log:
 CardTable entry size: 512
 Card Set container configuration: InlinePtr #cards 5 size 8 Array Of Cards #cards 12 size 40 Howl #buckets 4 coarsen threshold 1843 Howl Bitmap #cards 512 size 80 coarsen threshold 460 Card regions per heap region 1 cards per card region 2048
 CPUs: 8 total, 8 available
 Memory: 5965M
 Large Page Support: Disabled
 NUMA Support: Disabled
 Compressed Oops: Enabled (32-bit)
 Heap Region Size: 1M
 Heap Min Capacity: 8M
 Heap Initial Capacity: 94M
 Heap Max Capacity: 2G
 Pre-touch: Disabled
 Parallel Workers: 8
 Concurrent Workers: 2
 Concurrent Refinement Workers: 8
 Periodic GC: Disabled
Heap:
 garbage-first heap   total 403456K, used 259072K [0x0000000080000000, 0x0000000100000000)
  region size 1024K, 15 young (15360K), 12 survivors (12288K)
 Metaspace       used 173847K, committed 176192K, reserved 1245184K
  class space    used 23009K, committed 24128K, reserved 1048576K
GC Heap History (20 events):
Event: 56.804 GC heap before
{Heap before GC invocations=42 (full 0):
 garbage-first heap   total 301056K, used 245122K [0x0000000080000000, 0x0000000100000000)
  region size 1024K, 59 young (60416K), 4 survivors (4096K)
 Metaspace       used 136303K, committed 138368K, reserved 1179648K
  class space    used 18159K, committed 19136K, reserved 1048576K
}
Event: 56.816 GC heap after
{Heap after GC invocations=43 (full 0):
 garbage-first heap   total 301056K, used 195534K [0x0000000080000000, 0x0000000100000000)
  region size 1024K, 8 young (8192K), 8 survivors (8192K)
 Metaspace       used 136303K, committed 138368K, reserved 1179648K
  class space    used 18159K, committed 19136K, reserved 1048576K
}
Event: 59.826 GC heap before
{Heap before GC invocations=43 (full 0):
 garbage-first heap   total 301056K, used 273358K [0x0000000080000000, 0x0000000100000000)
  region size 1024K, 84 young (86016K), 8 survivors (8192K)
 Metaspace       used 143902K, committed 145984K, reserved 1179648K
  class space    used 19030K, committed 20032K, reserved 1048576K
}
Event: 59.840 GC heap after
{Heap after GC invocations=44 (full 0):
 garbage-first heap   total 301056K, used 199156K [0x0000000080000000, 0x0000000100000000)
  region size 1024K, 10 young (10240K), 10 survivors (10240K)
 Metaspace       used 143902K, committed 145984K, reserved 1179648K
  class space    used 19030K, committed 20032K, reserved 1048576K
}
Event: 60.537 GC heap before
{Heap before GC invocations=44 (full 0):
 garbage-first heap   total 301056K, used 218612K [0x0000000080000000, 0x0000000100000000)
  region size 1024K, 31 young (31744K), 10 survivors (10240K)
 Metaspace       used 146673K, committed 148800K, reserved 1179648K
  class space    used 19442K, committed 20480K, reserved 1048576K
}
Event: 60.552 GC heap after
{Heap after GC invocations=45 (full 0):
 garbage-first heap   total 301056K, used 201678K [0x0000000080000000, 0x0000000100000000)
  region size 1024K, 6 young (6144K), 6 survivors (6144K)
 Metaspace       used 146673K, committed 148800K, reserved 1179648K
  class space    used 19442K, committed 20480K, reserved 1048576K
}
Event: 62.670 GC heap before
{Heap before GC invocations=46 (full 0):
 garbage-first heap   total 347136K, used 279502K [0x0000000080000000, 0x0000000100000000)
  region size 1024K, 78 young (79872K), 6 survivors (6144K)
 Metaspace       used 151190K, committed 153344K, reserved 1245184K
  class space    used 20069K, committed 21120K, reserved 1048576K
}
Event: 62.682 GC heap after
{Heap after GC invocations=47 (full 0):
 garbage-first heap   total 347136K, used 207678K [0x0000000080000000, 0x0000000100000000)
  region size 1024K, 8 young (8192K), 8 survivors (8192K)
 Metaspace       used 151190K, committed 153344K, reserved 1245184K
  class space    used 20069K, committed 21120K, reserved 1048576K
}
Event: 65.397 GC heap before
{Heap before GC invocations=47 (full 0):
 garbage-first heap   total 347136K, used 305982K [0x0000000080000000, 0x0000000100000000)
  region size 1024K, 105 young (107520K), 8 survivors (8192K)
 Metaspace       used 156865K, committed 159104K, reserved 1245184K
  class space    used 20885K, committed 21952K, reserved 1048576K
}
Event: 65.412 GC heap after
{Heap after GC invocations=48 (full 0):
 garbage-first heap   total 347136K, used 216010K [0x0000000080000000, 0x0000000100000000)
  region size 1024K, 14 young (14336K), 14 survivors (14336K)
 Metaspace       used 156865K, committed 159104K, reserved 1245184K
  class space    used 20885K, committed 21952K, reserved 1048576K
}
Event: 66.114 GC heap before
{Heap before GC invocations=48 (full 0):
 garbage-first heap   total 347136K, used 315338K [0x0000000080000000, 0x0000000100000000)
  region size 1024K, 110 young (112640K), 14 survivors (14336K)
 Metaspace       used 157134K, committed 159296K, reserved 1245184K
  class space    used 20897K, committed 21952K, reserved 1048576K
}
Event: 66.151 GC heap after
{Heap after GC invocations=49 (full 0):
 garbage-first heap   total 369664K, used 254600K [0x0000000080000000, 0x0000000100000000)
  region size 1024K, 14 young (14336K), 14 survivors (14336K)
 Metaspace       used 157134K, committed 159296K, reserved 1245184K
  class space    used 20897K, committed 21952K, reserved 1048576K
}
Event: 67.340 GC heap before
{Heap before GC invocations=49 (full 0):
 garbage-first heap   total 369664K, used 288392K [0x0000000080000000, 0x0000000100000000)
  region size 1024K, 48 young (49152K), 14 survivors (14336K)
 Metaspace       used 157296K, committed 159552K, reserved 1245184K
  class space    used 20903K, committed 21952K, reserved 1048576K
}
Event: 67.353 GC heap after
{Heap after GC invocations=50 (full 0):
 garbage-first heap   total 369664K, used 266413K [0x0000000080000000, 0x0000000100000000)
  region size 1024K, 10 young (10240K), 10 survivors (10240K)
 Metaspace       used 157296K, committed 159552K, reserved 1245184K
  class space    used 20903K, committed 21952K, reserved 1048576K
}
Event: 68.689 GC heap before
{Heap before GC invocations=51 (full 0):
 garbage-first heap   total 403456K, used 304301K [0x0000000080000000, 0x0000000100000000)
  region size 1024K, 72 young (73728K), 10 survivors (10240K)
 Metaspace       used 158694K, committed 160960K, reserved 1245184K
  class space    used 21004K, committed 22080K, reserved 1048576K
}
Event: 68.711 GC heap after
{Heap after GC invocations=52 (full 0):
 garbage-first heap   total 403456K, used 257024K [0x0000000080000000, 0x0000000100000000)
  region size 1024K, 9 young (9216K), 9 survivors (9216K)
 Metaspace       used 158694K, committed 160960K, reserved 1245184K
  class space    used 21004K, committed 22080K, reserved 1048576K
}
Event: 71.778 GC heap before
{Heap before GC invocations=52 (full 0):
 garbage-first heap   total 403456K, used 348160K [0x0000000080000000, 0x0000000100000000)
  region size 1024K, 98 young (100352K), 9 survivors (9216K)
 Metaspace       used 166558K, committed 168896K, reserved 1245184K
  class space    used 22079K, committed 23168K, reserved 1048576K
}
Event: 71.795 GC heap after
{Heap after GC invocations=53 (full 0):
 garbage-first heap   total 403456K, used 245196K [0x0000000080000000, 0x0000000100000000)
  region size 1024K, 6 young (6144K), 6 survivors (6144K)
 Metaspace       used 166558K, committed 168896K, reserved 1245184K
  class space    used 22079K, committed 23168K, reserved 1048576K
}
Event: 73.992 GC heap before
{Heap before GC invocations=53 (full 0):
 garbage-first heap   total 403456K, used 334284K [0x0000000080000000, 0x0000000100000000)
  region size 1024K, 95 young (97280K), 6 survivors (6144K)
 Metaspace       used 172821K, committed 175168K, reserved 1245184K
  class space    used 22974K, committed 24128K, reserved 1048576K
}
Event: 74.008 GC heap after
{Heap after GC invocations=54 (full 0):
 garbage-first heap   total 403456K, used 251904K [0x0000000080000000, 0x0000000100000000)
  region size 1024K, 12 young (12288K), 12 survivors (12288K)
 Metaspace       used 172821K, committed 175168K, reserved 1245184K
  class space    used 22974K, committed 24128K, reserved 1048576K
}

