# JRE version: OpenJDK Runtime Environment (21.0.8) (build 21.0.8+-14196175-b1038.72)
# Java VM: OpenJDK 64-Bit Server VM (21.0.8+-14196175-b1038.72, mixed mode, tiered, compressed oops, compressed class ptrs, g1 gc, windows-amd64)
GC Precious Log:
 CardTable entry size: 512
 Card Set container configuration: InlinePtr #cards 5 size 8 Array Of Cards #cards 12 size 40 Howl #buckets 4 coarsen threshold 1843 Howl Bitmap #cards 512 size 80 coarsen threshold 460 Card regions per heap region 1 cards per card region 2048
 CPUs: 8 total, 8 available
 Memory: 5965M
 Large Page Support: Disabled
 NUMA Support: Disabled
 Compressed Oops: Enabled (32-bit)
 Heap Region Size: 1M
 Heap Min Capacity: 8M
 Heap Initial Capacity: 94M
 Heap Max Capacity: 2G
 Pre-touch: Disabled
 Parallel Workers: 8
 Concurrent Workers: 2
 Concurrent Refinement Workers: 8
 Periodic GC: Disabled
Heap:
 garbage-first heap   total 140288K, used 94810K [0x0000000080000000, 0x0000000100000000)
  region size 1024K, 5 young (5120K), 3 survivors (3072K)
 Metaspace       used 66511K, committed 68352K, reserved 1114112K
  class space    used 9489K, committed 10368K, reserved 1048576K
GC Heap History (20 events):
Event: 12.396 GC heap before
{Heap before GC invocations=7 (full 0):
 garbage-first heap   total 68608K, used 44685K [0x0000000080000000, 0x0000000100000000)
  region size 1024K, 25 young (25600K), 4 survivors (4096K)
 Metaspace       used 35265K, committed 35968K, reserved 1114112K
  class space    used 4658K, committed 4992K, reserved 1048576K
}
Event: 12.401 GC heap after
{Heap after GC invocations=8 (full 0):
 garbage-first heap   total 68608K, used 25917K [0x0000000080000000, 0x0000000100000000)
  region size 1024K, 4 young (4096K), 4 survivors (4096K)
 Metaspace       used 35265K, committed 35968K, reserved 1114112K
  class space    used 4658K, committed 4992K, reserved 1048576K
}
Event: 14.565 GC heap before
{Heap before GC invocations=9 (full 0):
 garbage-first heap   total 68608K, used 66877K [0x0000000080000000, 0x0000000100000000)
  region size 1024K, 31 young (31744K), 4 survivors (4096K)
 Metaspace       used 38517K, committed 39360K, reserved 1114112K
  class space    used 5260K, committed 5696K, reserved 1048576K
}
Event: 14.572 GC heap after
{Heap after GC invocations=10 (full 0):
 garbage-first heap   total 76800K, used 44359K [0x0000000080000000, 0x0000000100000000)
  region size 1024K, 5 young (5120K), 5 survivors (5120K)
 Metaspace       used 38517K, committed 39360K, reserved 1114112K
  class space    used 5260K, committed 5696K, reserved 1048576K
}
Event: 15.258 GC heap before
{Heap before GC invocations=10 (full 0):
 garbage-first heap   total 76800K, used 75079K [0x0000000080000000, 0x0000000100000000)
  region size 1024K, 22 young (22528K), 5 survivors (5120K)
 Metaspace       used 40516K, committed 41408K, reserved 1114112K
  class space    used 5535K, committed 5952K, reserved 1048576K
}
Event: 15.265 GC heap after
{Heap after GC invocations=11 (full 0):
 garbage-first heap   total 87040K, used 61813K [0x0000000080000000, 0x0000000100000000)
  region size 1024K, 4 young (4096K), 4 survivors (4096K)
 Metaspace       used 40516K, committed 41408K, reserved 1114112K
  class space    used 5535K, committed 5952K, reserved 1048576K
}
Event: 16.021 GC heap before
{Heap before GC invocations=11 (full 0):
 garbage-first heap   total 87040K, used 76149K [0x0000000080000000, 0x0000000100000000)
  region size 1024K, 18 young (18432K), 4 survivors (4096K)
 Metaspace       used 42348K, committed 43392K, reserved 1114112K
  class space    used 5870K, committed 6400K, reserved 1048576K
}
Event: 16.024 GC heap after
{Heap after GC invocations=12 (full 0):
 garbage-first heap   total 87040K, used 62915K [0x0000000080000000, 0x0000000100000000)
  region size 1024K, 1 young (1024K), 1 survivors (1024K)
 Metaspace       used 42348K, committed 43392K, reserved 1114112K
  class space    used 5870K, committed 6400K, reserved 1048576K
}
Event: 16.631 GC heap before
{Heap before GC invocations=13 (full 0):
 garbage-first heap   total 106496K, used 79299K [0x0000000080000000, 0x0000000100000000)
  region size 1024K, 17 young (17408K), 1 survivors (1024K)
 Metaspace       used 44197K, committed 45376K, reserved 1114112K
  class space    used 6194K, committed 6784K, reserved 1048576K
}
Event: 16.635 GC heap after
{Heap after GC invocations=14 (full 0):
 garbage-first heap   total 133120K, used 63701K [0x0000000080000000, 0x0000000100000000)
  region size 1024K, 2 young (2048K), 2 survivors (2048K)
 Metaspace       used 44197K, committed 45376K, reserved 1114112K
  class space    used 6194K, committed 6784K, reserved 1048576K
}
Event: 18.577 GC heap before
{Heap before GC invocations=14 (full 0):
 garbage-first heap   total 133120K, used 117973K [0x0000000080000000, 0x0000000100000000)
  region size 1024K, 56 young (57344K), 2 survivors (2048K)
 Metaspace       used 52294K, committed 53824K, reserved 1114112K
  class space    used 7312K, committed 8064K, reserved 1048576K
}
Event: 18.584 GC heap after
{Heap after GC invocations=15 (full 0):
 garbage-first heap   total 133120K, used 68358K [0x0000000080000000, 0x0000000100000000)
  region size 1024K, 7 young (7168K), 7 survivors (7168K)
 Metaspace       used 52294K, committed 53824K, reserved 1114112K
  class space    used 7312K, committed 8064K, reserved 1048576K
}
Event: 20.065 GC heap before
{Heap before GC invocations=15 (full 0):
 garbage-first heap   total 133120K, used 106246K [0x0000000080000000, 0x0000000100000000)
  region size 1024K, 45 young (46080K), 7 survivors (7168K)
 Metaspace       used 56732K, committed 58368K, reserved 1114112K
  class space    used 8062K, committed 8832K, reserved 1048576K
}
Event: 20.072 GC heap after
{Heap after GC invocations=16 (full 0):
 garbage-first heap   total 133120K, used 71230K [0x0000000080000000, 0x0000000100000000)
  region size 1024K, 3 young (3072K), 3 survivors (3072K)
 Metaspace       used 56732K, committed 58368K, reserved 1114112K
  class space    used 8062K, committed 8832K, reserved 1048576K
}
Event: 21.331 GC heap before
{Heap before GC invocations=17 (full 0):
 garbage-first heap   total 133120K, used 131646K [0x0000000080000000, 0x0000000100000000)
  region size 1024K, 47 young (48128K), 3 survivors (3072K)
 Metaspace       used 58656K, committed 60352K, reserved 1114112K
  class space    used 8312K, committed 9152K, reserved 1048576K
}
Event: 21.337 GC heap after
{Heap after GC invocations=18 (full 0):
 garbage-first heap   total 140288K, used 91339K [0x0000000080000000, 0x0000000100000000)
  region size 1024K, 7 young (7168K), 7 survivors (7168K)
 Metaspace       used 58656K, committed 60352K, reserved 1114112K
  class space    used 8312K, committed 9152K, reserved 1048576K
}
Event: 21.935 GC heap before
{Heap before GC invocations=18 (full 0):
 garbage-first heap   total 140288K, used 124107K [0x0000000080000000, 0x0000000100000000)
  region size 1024K, 39 young (39936K), 7 survivors (7168K)
 Metaspace       used 61235K, committed 62976K, reserved 1114112K
  class space    used 8702K, committed 9536K, reserved 1048576K
}
Event: 21.941 GC heap after
{Heap after GC invocations=19 (full 0):
 garbage-first heap   total 140288K, used 92160K [0x0000000080000000, 0x0000000100000000)
  region size 1024K, 2 young (2048K), 2 survivors (2048K)
 Metaspace       used 61235K, committed 62976K, reserved 1114112K
  class space    used 8702K, committed 9536K, reserved 1048576K
}
Event: 22.958 GC heap before
{Heap before GC invocations=19 (full 0):
 garbage-first heap   total 140288K, used 129024K [0x0000000080000000, 0x0000000100000000)
  region size 1024K, 38 young (38912K), 2 survivors (2048K)
 Metaspace       used 66371K, committed 68224K, reserved 1114112K
  class space    used 9457K, committed 10368K, reserved 1048576K
}
Event: 22.962 GC heap after
{Heap after GC invocations=20 (full 0):
 garbage-first heap   total 140288K, used 93786K [0x0000000080000000, 0x0000000100000000)
  region size 1024K, 3 young (3072K), 3 survivors (3072K)
 Metaspace       used 66371K, committed 68224K, reserved 1114112K
  class space    used 9457K, committed 10368K, reserved 1048576K
}

