# JRE version: OpenJDK Runtime Environment (21.0.8) (build 21.0.8+-14196175-b1038.72)
# Java VM: OpenJDK 64-Bit Server VM (21.0.8+-14196175-b1038.72, mixed mode, tiered, compressed oops, compressed class ptrs, g1 gc, windows-amd64)
GC Precious Log:
 CardTable entry size: 512
 Card Set container configuration: InlinePtr #cards 5 size 8 Array Of Cards #cards 12 size 40 Howl #buckets 4 coarsen threshold 1843 Howl Bitmap #cards 512 size 80 coarsen threshold 460 Card regions per heap region 1 cards per card region 2048
 CPUs: 8 total, 8 available
 Memory: 5965M
 Large Page Support: Disabled
 NUMA Support: Disabled
 Compressed Oops: Enabled (32-bit)
 Heap Region Size: 1M
 Heap Min Capacity: 8M
 Heap Initial Capacity: 94M
 Heap Max Capacity: 2G
 Pre-touch: Disabled
 Parallel Workers: 8
 Concurrent Workers: 2
 Concurrent Refinement Workers: 8
 Periodic GC: Disabled
Heap:
 garbage-first heap   total 378880K, used 277192K [0x0000000080000000, 0x0000000100000000)
  region size 1024K, 14 young (14336K), 6 survivors (6144K)
 Metaspace       used 185753K, committed 188032K, reserved 1245184K
  class space    used 24041K, committed 25152K, reserved 1048576K
GC Heap History (20 events):
Event: 73.955 GC heap before
{Heap before GC invocations=48 (full 0):
 garbage-first heap   total 353280K, used 308013K [0x0000000080000000, 0x0000000100000000)
  region size 1024K, 74 young (75776K), 6 survivors (6144K)
 Metaspace       used 157078K, committed 159232K, reserved 1245184K
  class space    used 20591K, committed 21632K, reserved 1048576K
}
Event: 74.059 GC heap after
{Heap after GC invocations=49 (full 0):
 garbage-first heap   total 353280K, used 233751K [0x0000000080000000, 0x0000000100000000)
  region size 1024K, 8 young (8192K), 8 survivors (8192K)
 Metaspace       used 157078K, committed 159232K, reserved 1245184K
  class space    used 20591K, committed 21632K, reserved 1048576K
}
Event: 82.978 GC heap before
{Heap before GC invocations=49 (full 0):
 garbage-first heap   total 353280K, used 313623K [0x0000000080000000, 0x0000000100000000)
  region size 1024K, 80 young (81920K), 8 survivors (8192K)
 Metaspace       used 164106K, committed 166336K, reserved 1245184K
  class space    used 21444K, committed 22528K, reserved 1048576K
}
Event: 83.010 GC heap after
{Heap after GC invocations=50 (full 0):
 garbage-first heap   total 353280K, used 243796K [0x0000000080000000, 0x0000000100000000)
  region size 1024K, 6 young (6144K), 6 survivors (6144K)
 Metaspace       used 164106K, committed 166336K, reserved 1245184K
  class space    used 21444K, committed 22528K, reserved 1048576K
}
Event: 85.573 GC heap before
{Heap before GC invocations=50 (full 0):
 garbage-first heap   total 353280K, used 314452K [0x0000000080000000, 0x0000000100000000)
  region size 1024K, 75 young (76800K), 6 survivors (6144K)
 Metaspace       used 169161K, committed 171392K, reserved 1245184K
  class space    used 22154K, committed 23232K, reserved 1048576K
}
Event: 85.582 GC heap after
{Heap after GC invocations=51 (full 0):
 garbage-first heap   total 353280K, used 242941K [0x0000000080000000, 0x0000000100000000)
  region size 1024K, 5 young (5120K), 5 survivors (5120K)
 Metaspace       used 169161K, committed 171392K, reserved 1245184K
  class space    used 22154K, committed 23232K, reserved 1048576K
}
Event: 89.564 GC heap before
{Heap before GC invocations=51 (full 0):
 garbage-first heap   total 353280K, used 295165K [0x0000000080000000, 0x0000000100000000)
  region size 1024K, 57 young (58368K), 5 survivors (5120K)
 Metaspace       used 174142K, committed 176384K, reserved 1245184K
  class space    used 22811K, committed 23872K, reserved 1048576K
}
Event: 89.582 GC heap after
{Heap after GC invocations=52 (full 0):
 garbage-first heap   total 353280K, used 245619K [0x0000000080000000, 0x0000000100000000)
  region size 1024K, 7 young (7168K), 7 survivors (7168K)
 Metaspace       used 174142K, committed 176384K, reserved 1245184K
  class space    used 22811K, committed 23872K, reserved 1048576K
}
Event: 102.828 GC heap before
{Heap before GC invocations=53 (full 0):
 garbage-first heap   total 353280K, used 287603K [0x0000000080000000, 0x0000000100000000)
  region size 1024K, 83 young (84992K), 7 survivors (7168K)
 Metaspace       used 176628K, committed 178880K, reserved 1245184K
  class space    used 23119K, committed 24192K, reserved 1048576K
}
Event: 102.857 GC heap after
{Heap after GC invocations=54 (full 0):
 garbage-first heap   total 353280K, used 207813K [0x0000000080000000, 0x0000000100000000)
  region size 1024K, 8 young (8192K), 8 survivors (8192K)
 Metaspace       used 176628K, committed 178880K, reserved 1245184K
  class space    used 23119K, committed 24192K, reserved 1048576K
}
Event: 109.853 GC heap before
{Heap before GC invocations=54 (full 0):
 garbage-first heap   total 353280K, used 310213K [0x0000000080000000, 0x0000000100000000)
  region size 1024K, 109 young (111616K), 8 survivors (8192K)
 Metaspace       used 176742K, committed 178944K, reserved 1245184K
  class space    used 23124K, committed 24192K, reserved 1048576K
}
Event: 109.969 GC heap after
{Heap after GC invocations=55 (full 0):
 garbage-first heap   total 360448K, used 218889K [0x0000000080000000, 0x0000000100000000)
  region size 1024K, 14 young (14336K), 14 survivors (14336K)
 Metaspace       used 176742K, committed 178944K, reserved 1245184K
  class space    used 23124K, committed 24192K, reserved 1048576K
}
Event: 110.069 GC heap before
{Heap before GC invocations=55 (full 0):
 garbage-first heap   total 360448K, used 227081K [0x0000000080000000, 0x0000000100000000)
  region size 1024K, 23 young (23552K), 14 survivors (14336K)
 Metaspace       used 176742K, committed 178944K, reserved 1245184K
  class space    used 23124K, committed 24192K, reserved 1048576K
}
Event: 110.113 GC heap after
{Heap after GC invocations=56 (full 0):
 garbage-first heap   total 360448K, used 225792K [0x0000000080000000, 0x0000000100000000)
  region size 1024K, 5 young (5120K), 5 survivors (5120K)
 Metaspace       used 176742K, committed 178944K, reserved 1245184K
  class space    used 23124K, committed 24192K, reserved 1048576K
}
Event: 113.900 GC heap before
{Heap before GC invocations=57 (full 0):
 garbage-first heap   total 378880K, used 304640K [0x0000000080000000, 0x0000000100000000)
  region size 1024K, 80 young (81920K), 5 survivors (5120K)
 Metaspace       used 177172K, committed 179456K, reserved 1245184K
  class space    used 23146K, committed 24192K, reserved 1048576K
}
Event: 113.922 GC heap after
{Heap after GC invocations=58 (full 0):
 garbage-first heap   total 378880K, used 247195K [0x0000000080000000, 0x0000000100000000)
  region size 1024K, 10 young (10240K), 10 survivors (10240K)
 Metaspace       used 177172K, committed 179456K, reserved 1245184K
  class space    used 23146K, committed 24192K, reserved 1048576K
}
Event: 117.213 GC heap before
{Heap before GC invocations=58 (full 0):
 garbage-first heap   total 378880K, used 322971K [0x0000000080000000, 0x0000000100000000)
  region size 1024K, 84 young (86016K), 10 survivors (10240K)
 Metaspace       used 179144K, committed 181376K, reserved 1245184K
  class space    used 23269K, committed 24320K, reserved 1048576K
}
Event: 117.246 GC heap after
{Heap after GC invocations=59 (full 0):
 garbage-first heap   total 378880K, used 262144K [0x0000000080000000, 0x0000000100000000)
  region size 1024K, 11 young (11264K), 11 survivors (11264K)
 Metaspace       used 179144K, committed 181376K, reserved 1245184K
  class space    used 23269K, committed 24320K, reserved 1048576K
}
Event: 124.561 GC heap before
{Heap before GC invocations=59 (full 0):
 garbage-first heap   total 378880K, used 330752K [0x0000000080000000, 0x0000000100000000)
  region size 1024K, 78 young (79872K), 11 survivors (11264K)
 Metaspace       used 185199K, committed 187520K, reserved 1245184K
  class space    used 23965K, committed 25088K, reserved 1048576K
}
Event: 124.643 GC heap after
{Heap after GC invocations=60 (full 0):
 garbage-first heap   total 378880K, used 269000K [0x0000000080000000, 0x0000000100000000)
  region size 1024K, 6 young (6144K), 6 survivors (6144K)
 Metaspace       used 185199K, committed 187520K, reserved 1245184K
  class space    used 23965K, committed 25088K, reserved 1048576K
}

