# JRE version: OpenJDK Runtime Environment (21.0.8) (build 21.0.8+-14196175-b1038.72)
# Java VM: OpenJDK 64-Bit Server VM (21.0.8+-14196175-b1038.72, mixed mode, tiered, compressed oops, compressed class ptrs, g1 gc, windows-amd64)
GC Precious Log:
 CardTable entry size: 512
 Card Set container configuration: InlinePtr #cards 5 size 8 Array Of Cards #cards 12 size 40 Howl #buckets 4 coarsen threshold 1843 Howl Bitmap #cards 512 size 80 coarsen threshold 460 Card regions per heap region 1 cards per card region 2048
 CPUs: 8 total, 8 available
 Memory: 5965M
 Large Page Support: Disabled
 NUMA Support: Disabled
 Compressed Oops: Enabled (32-bit)
 Heap Region Size: 1M
 Heap Min Capacity: 8M
 Heap Initial Capacity: 94M
 Heap Max Capacity: 2G
 Pre-touch: Disabled
 Parallel Workers: 8
 Concurrent Workers: 2
 Concurrent Refinement Workers: 8
 Periodic GC: Disabled
Heap:
 garbage-first heap   total 439296K, used 360448K [0x0000000080000000, 0x0000000100000000)
  region size 1024K, 9 young (9216K), 9 survivors (9216K)
 Metaspace       used 140014K, committed 142464K, reserved 1179648K
  class space    used 19683K, committed 20864K, reserved 1048576K
GC Heap History (20 events):
Event: 58.646 GC heap after
{Heap after GC invocations=53 (full 0):
 garbage-first heap   total 225280K, used 136607K [0x0000000080000000, 0x0000000100000000)
  region size 1024K, 6 young (6144K), 6 survivors (6144K)
 Metaspace       used 131168K, committed 133568K, reserved 1179648K
  class space    used 18271K, committed 19456K, reserved 1048576K
}
Event: 62.759 GC heap before
{Heap before GC invocations=53 (full 0):
 garbage-first heap   total 225280K, used 205215K [0x0000000080000000, 0x0000000100000000)
  region size 1024K, 74 young (75776K), 6 survivors (6144K)
 Metaspace       used 131899K, committed 134336K, reserved 1179648K
  class space    used 18371K, committed 19584K, reserved 1048576K
}
Event: 62.780 GC heap after
{Heap after GC invocations=54 (full 0):
 garbage-first heap   total 225280K, used 141740K [0x0000000080000000, 0x0000000100000000)
  region size 1024K, 10 young (10240K), 10 survivors (10240K)
 Metaspace       used 131899K, committed 134336K, reserved 1179648K
  class space    used 18371K, committed 19584K, reserved 1048576K
}
Event: 65.387 GC heap before
{Heap before GC invocations=54 (full 0):
 garbage-first heap   total 225280K, used 189868K [0x0000000080000000, 0x0000000100000000)
  region size 1024K, 59 young (60416K), 10 survivors (10240K)
 Metaspace       used 132296K, committed 134656K, reserved 1179648K
  class space    used 18426K, committed 19584K, reserved 1048576K
}
Event: 65.406 GC heap after
{Heap after GC invocations=55 (full 0):
 garbage-first heap   total 225280K, used 144524K [0x0000000080000000, 0x0000000100000000)
  region size 1024K, 3 young (3072K), 3 survivors (3072K)
 Metaspace       used 132296K, committed 134656K, reserved 1179648K
  class space    used 18426K, committed 19584K, reserved 1048576K
}
Event: 67.010 GC heap before
{Heap before GC invocations=56 (full 0):
 garbage-first heap   total 261120K, used 244876K [0x0000000080000000, 0x0000000100000000)
  region size 1024K, 64 young (65536K), 3 survivors (3072K)
 Metaspace       used 133994K, committed 136448K, reserved 1179648K
  class space    used 18674K, committed 19840K, reserved 1048576K
}
Event: 67.019 GC heap after
{Heap after GC invocations=57 (full 0):
 garbage-first heap   total 262144K, used 195953K [0x0000000080000000, 0x0000000100000000)
  region size 1024K, 8 young (8192K), 8 survivors (8192K)
 Metaspace       used 133994K, committed 136448K, reserved 1179648K
  class space    used 18674K, committed 19840K, reserved 1048576K
}
Event: 68.075 GC heap before
{Heap before GC invocations=57 (full 0):
 garbage-first heap   total 262144K, used 260465K [0x0000000080000000, 0x0000000100000000)
  region size 1024K, 50 young (51200K), 8 survivors (8192K)
 Metaspace       used 136266K, committed 138688K, reserved 1179648K
  class space    used 18979K, committed 20160K, reserved 1048576K
}
Event: 68.087 GC heap after
{Heap after GC invocations=58 (full 0):
 garbage-first heap   total 276480K, used 207747K [0x0000000080000000, 0x0000000100000000)
  region size 1024K, 4 young (4096K), 4 survivors (4096K)
 Metaspace       used 136266K, committed 138688K, reserved 1179648K
  class space    used 18979K, committed 20160K, reserved 1048576K
}
Event: 68.087 GC heap before
{Heap before GC invocations=58 (full 0):
 garbage-first heap   total 276480K, used 207747K [0x0000000080000000, 0x0000000100000000)
  region size 1024K, 5 young (5120K), 4 survivors (4096K)
 Metaspace       used 136266K, committed 138688K, reserved 1179648K
  class space    used 18979K, committed 20160K, reserved 1048576K
}
Event: 68.096 GC heap after
{Heap after GC invocations=59 (full 0):
 garbage-first heap   total 276480K, used 208502K [0x0000000080000000, 0x0000000100000000)
  region size 1024K, 4 young (4096K), 4 survivors (4096K)
 Metaspace       used 136266K, committed 138688K, reserved 1179648K
  class space    used 18979K, committed 20160K, reserved 1048576K
}
Event: 68.218 GC heap before
{Heap before GC invocations=59 (full 0):
 garbage-first heap   total 276480K, used 275062K [0x0000000080000000, 0x0000000100000000)
  region size 1024K, 23 young (23552K), 4 survivors (4096K)
 Metaspace       used 136380K, committed 138816K, reserved 1179648K
  class space    used 18990K, committed 20160K, reserved 1048576K
}
Event: 68.227 GC heap after
{Heap after GC invocations=60 (full 0):
 garbage-first heap   total 286720K, used 233382K [0x0000000080000000, 0x0000000100000000)
  region size 1024K, 7 young (7168K), 7 survivors (7168K)
 Metaspace       used 136380K, committed 138816K, reserved 1179648K
  class space    used 18990K, committed 20160K, reserved 1048576K
}
Event: 68.670 GC heap before
{Heap before GC invocations=61 (full 0):
 garbage-first heap   total 439296K, used 285606K [0x0000000080000000, 0x0000000100000000)
  region size 1024K, 30 young (30720K), 7 survivors (7168K)
 Metaspace       used 136919K, committed 139392K, reserved 1179648K
  class space    used 19075K, committed 20288K, reserved 1048576K
}
Event: 68.682 GC heap after
{Heap after GC invocations=62 (full 0):
 garbage-first heap   total 439296K, used 252014K [0x0000000080000000, 0x0000000100000000)
  region size 1024K, 4 young (4096K), 4 survivors (4096K)
 Metaspace       used 136919K, committed 139392K, reserved 1179648K
  class space    used 19075K, committed 20288K, reserved 1048576K
}
Event: 69.763 GC heap before
{Heap before GC invocations=62 (full 0):
 garbage-first heap   total 439296K, used 366702K [0x0000000080000000, 0x0000000100000000)
  region size 1024K, 110 young (112640K), 4 survivors (4096K)
 Metaspace       used 137043K, committed 139456K, reserved 1179648K
  class space    used 19089K, committed 20288K, reserved 1048576K
}
Event: 69.823 GC heap after
{Heap after GC invocations=63 (full 0):
 garbage-first heap   total 439296K, used 297877K [0x0000000080000000, 0x0000000100000000)
  region size 1024K, 14 young (14336K), 14 survivors (14336K)
 Metaspace       used 137043K, committed 139456K, reserved 1179648K
  class space    used 19089K, committed 20288K, reserved 1048576K
}
Event: 71.005 GC heap before
{Heap before GC invocations=63 (full 0):
 garbage-first heap   total 439296K, used 373653K [0x0000000080000000, 0x0000000100000000)
  region size 1024K, 89 young (91136K), 14 survivors (14336K)
 Metaspace       used 139977K, committed 142400K, reserved 1179648K
  class space    used 19682K, committed 20864K, reserved 1048576K
}
Event: 71.079 GC heap after
{Heap after GC invocations=64 (full 0):
 garbage-first heap   total 439296K, used 327680K [0x0000000080000000, 0x0000000100000000)
  region size 1024K, 12 young (12288K), 12 survivors (12288K)
 Metaspace       used 139977K, committed 142400K, reserved 1179648K
  class space    used 19682K, committed 20864K, reserved 1048576K
}
Event: 71.463 GC heap before
{Heap before GC invocations=64 (full 0):
 garbage-first heap   total 439296K, used 388096K [0x0000000080000000, 0x0000000100000000)
  region size 1024K, 71 young (72704K), 12 survivors (12288K)
 Metaspace       used 140014K, committed 142464K, reserved 1179648K
  class space    used 19683K, committed 20864K, reserved 1048576K
}

