# JRE version: OpenJDK Runtime Environment (21.0.8) (build 21.0.8+-14196175-b1038.72)
# Java VM: OpenJDK 64-Bit Server VM (21.0.8+-14196175-b1038.72, mixed mode, tiered, compressed oops, compressed class ptrs, g1 gc, windows-amd64)
GC Precious Log:
 CardTable entry size: 512
 Card Set container configuration: InlinePtr #cards 5 size 8 Array Of Cards #cards 12 size 40 Howl #buckets 4 coarsen threshold 1843 Howl Bitmap #cards 512 size 80 coarsen threshold 460 Card regions per heap region 1 cards per card region 2048
 CPUs: 8 total, 8 available
 Memory: 5965M
 Large Page Support: Disabled
 NUMA Support: Disabled
 Compressed Oops: Enabled (32-bit)
 Heap Region Size: 1M
 Heap Min Capacity: 8M
 Heap Initial Capacity: 94M
 Heap Max Capacity: 2G
 Pre-touch: Disabled
 Parallel Workers: 8
 Concurrent Workers: 2
 Concurrent Refinement Workers: 8
 Periodic GC: Disabled
Heap:
 garbage-first heap   total 329728K, used 217212K [0x0000000080000000, 0x0000000100000000)
  region size 1024K, 13 young (13312K), 9 survivors (9216K)
 Metaspace       used 170002K, committed 172672K, reserved 1245184K
  class space    used 22735K, committed 24064K, reserved 1048576K
GC Heap History (20 events):
Event: 53.290 GC heap before
{Heap before GC invocations=43 (full 0):
 garbage-first heap   total 263168K, used 240492K [0x0000000080000000, 0x0000000100000000)
  region size 1024K, 83 young (84992K), 7 survivors (7168K)
 Metaspace       used 133899K, committed 136384K, reserved 1179648K
  class space    used 18540K, committed 19776K, reserved 1048576K
}
Event: 53.301 GC heap after
{Heap after GC invocations=44 (full 0):
 garbage-first heap   total 263168K, used 170911K [0x0000000080000000, 0x0000000100000000)
  region size 1024K, 11 young (11264K), 11 survivors (11264K)
 Metaspace       used 133899K, committed 136384K, reserved 1179648K
  class space    used 18540K, committed 19776K, reserved 1048576K
}
Event: 56.886 GC heap before
{Heap before GC invocations=45 (full 0):
 garbage-first heap   total 285696K, used 235423K [0x0000000080000000, 0x0000000100000000)
  region size 1024K, 75 young (76800K), 11 survivors (11264K)
 Metaspace       used 135210K, committed 137664K, reserved 1179648K
  class space    used 18676K, committed 19904K, reserved 1048576K
}
Event: 56.899 GC heap after
{Heap after GC invocations=46 (full 0):
 garbage-first heap   total 285696K, used 176620K [0x0000000080000000, 0x0000000100000000)
  region size 1024K, 6 young (6144K), 6 survivors (6144K)
 Metaspace       used 135210K, committed 137664K, reserved 1179648K
  class space    used 18676K, committed 19904K, reserved 1048576K
}
Event: 58.450 GC heap before
{Heap before GC invocations=46 (full 0):
 garbage-first heap   total 285696K, used 260588K [0x0000000080000000, 0x0000000100000000)
  region size 1024K, 89 young (91136K), 6 survivors (6144K)
 Metaspace       used 138811K, committed 141312K, reserved 1179648K
  class space    used 19089K, committed 20352K, reserved 1048576K
}
Event: 58.465 GC heap after
{Heap after GC invocations=47 (full 0):
 garbage-first heap   total 285696K, used 183726K [0x0000000080000000, 0x0000000100000000)
  region size 1024K, 12 young (12288K), 12 survivors (12288K)
 Metaspace       used 138811K, committed 141312K, reserved 1179648K
  class space    used 19089K, committed 20352K, reserved 1048576K
}
Event: 59.055 GC heap before
{Heap before GC invocations=47 (full 0):
 garbage-first heap   total 285696K, used 214446K [0x0000000080000000, 0x0000000100000000)
  region size 1024K, 44 young (45056K), 12 survivors (12288K)
 Metaspace       used 142746K, committed 145216K, reserved 1179648K
  class space    used 19564K, committed 20800K, reserved 1048576K
}
Event: 59.065 GC heap after
{Heap after GC invocations=48 (full 0):
 garbage-first heap   total 285696K, used 187916K [0x0000000080000000, 0x0000000100000000)
  region size 1024K, 4 young (4096K), 4 survivors (4096K)
 Metaspace       used 142746K, committed 145216K, reserved 1179648K
  class space    used 19564K, committed 20800K, reserved 1048576K
}
Event: 223.282 GC heap before
{Heap before GC invocations=49 (full 0):
 garbage-first heap   total 316416K, used 264716K [0x0000000080000000, 0x0000000100000000)
  region size 1024K, 79 young (80896K), 4 survivors (4096K)
 Metaspace       used 151020K, committed 153600K, reserved 1245184K
  class space    used 20429K, committed 21696K, reserved 1048576K
}
Event: 223.364 GC heap after
{Heap after GC invocations=50 (full 0):
 garbage-first heap   total 316416K, used 190200K [0x0000000080000000, 0x0000000100000000)
  region size 1024K, 6 young (6144K), 6 survivors (6144K)
 Metaspace       used 151020K, committed 153600K, reserved 1245184K
  class space    used 20429K, committed 21696K, reserved 1048576K
}
Event: 225.004 GC heap before
{Heap before GC invocations=50 (full 0):
 garbage-first heap   total 316416K, used 292600K [0x0000000080000000, 0x0000000100000000)
  region size 1024K, 107 young (109568K), 6 survivors (6144K)
 Metaspace       used 154258K, committed 156864K, reserved 1245184K
  class space    used 20956K, committed 22272K, reserved 1048576K
}
Event: 225.054 GC heap after
{Heap after GC invocations=51 (full 0):
 garbage-first heap   total 316416K, used 194235K [0x0000000080000000, 0x0000000100000000)
  region size 1024K, 11 young (11264K), 11 survivors (11264K)
 Metaspace       used 154258K, committed 156864K, reserved 1245184K
  class space    used 20956K, committed 22272K, reserved 1048576K
}
Event: 226.559 GC heap before
{Heap before GC invocations=51 (full 0):
 garbage-first heap   total 316416K, used 287419K [0x0000000080000000, 0x0000000100000000)
  region size 1024K, 102 young (104448K), 11 survivors (11264K)
 Metaspace       used 157120K, committed 159744K, reserved 1245184K
  class space    used 21306K, committed 22592K, reserved 1048576K
}
Event: 226.582 GC heap after
{Heap after GC invocations=52 (full 0):
 garbage-first heap   total 316416K, used 197161K [0x0000000080000000, 0x0000000100000000)
  region size 1024K, 9 young (9216K), 9 survivors (9216K)
 Metaspace       used 157120K, committed 159744K, reserved 1245184K
  class space    used 21306K, committed 22592K, reserved 1048576K
}
Event: 227.694 GC heap before
{Heap before GC invocations=53 (full 0):
 garbage-first heap   total 329728K, used 289321K [0x0000000080000000, 0x0000000100000000)
  region size 1024K, 99 young (101376K), 9 survivors (9216K)
 Metaspace       used 158224K, committed 160832K, reserved 1245184K
  class space    used 21406K, committed 22720K, reserved 1048576K
}
Event: 227.706 GC heap after
{Heap after GC invocations=54 (full 0):
 garbage-first heap   total 329728K, used 197470K [0x0000000080000000, 0x0000000100000000)
  region size 1024K, 5 young (5120K), 5 survivors (5120K)
 Metaspace       used 158224K, committed 160832K, reserved 1245184K
  class space    used 21406K, committed 22720K, reserved 1048576K
}
Event: 231.273 GC heap before
{Heap before GC invocations=54 (full 0):
 garbage-first heap   total 329728K, used 307038K [0x0000000080000000, 0x0000000100000000)
  region size 1024K, 111 young (113664K), 5 survivors (5120K)
 Metaspace       used 166650K, committed 169216K, reserved 1245184K
  class space    used 22321K, committed 23616K, reserved 1048576K
}
Event: 231.291 GC heap after
{Heap after GC invocations=55 (full 0):
 garbage-first heap   total 329728K, used 205201K [0x0000000080000000, 0x0000000100000000)
  region size 1024K, 14 young (14336K), 14 survivors (14336K)
 Metaspace       used 166650K, committed 169216K, reserved 1245184K
  class space    used 22321K, committed 23616K, reserved 1048576K
}
Event: 233.698 GC heap before
{Heap before GC invocations=55 (full 0):
 garbage-first heap   total 329728K, used 296337K [0x0000000080000000, 0x0000000100000000)
  region size 1024K, 104 young (106496K), 14 survivors (14336K)
 Metaspace       used 169845K, committed 172544K, reserved 1245184K
  class space    used 22710K, committed 24064K, reserved 1048576K
}
Event: 233.717 GC heap after
{Heap after GC invocations=56 (full 0):
 garbage-first heap   total 329728K, used 213116K [0x0000000080000000, 0x0000000100000000)
  region size 1024K, 9 young (9216K), 9 survivors (9216K)
 Metaspace       used 169845K, committed 172544K, reserved 1245184K
  class space    used 22710K, committed 24064K, reserved 1048576K
}

